<?xml version="1.0" encoding="UTF-8" ?>
<testsuite tests="10" failures="1" name="TestSuite" time="19.57" errors="0" skipped="0">
  <properties>
[...]
</properties>
  <testcase classname="com.bank.qa.test.ContactTest" name="clickOnNewBtn" time="0.172"/>
  <testcase classname="com.bank.qa.test.CreateNewCntTest" name="validateTestData" time="4.286"/>
  <testcase classname="com.bank.qa.test.CreateNewCntTest" name="validateTestData" time="3.426"/>
  <testcase classname="com.bank.qa.test.CreateNewCntTest" name="validateTestData" time="4.342"/>
  <testcase classname="com.bank.qa.test.HomePageFeaturesTest" name="validOwnrName" time="2.988"/>
  <testcase classname="com.bank.qa.test.HomePageTest" name="giveUnPsdTest" time="0.493"/>
  <testcase classname="com.bank.qa.test.LoginPageTest" name="loginPageTitleTest" time="0.593"/>
  <testcase classname="com.bank.qa.test.HomePageFeaturesTest" name="clickOnContacts" time="1.64"/>
  <testcase classname="com.bank.qa.test.LoginPageTest" name="loginPageValidTest" time="0.127"/>
  <testcase classname="com.bank.qa.test.HomePageFeaturesTest" name="checkOName" time="1.503">
    <failure message="expected [Nishal Dhashik] but found [sharanya bhiram]" type="java.lang.AssertionError">java.lang.AssertionError: expected [Nishal Dhashik] but found [sharanya bhiram]
	at org.testng.Assert.fail(Assert.java:96)
	at org.testng.Assert.failNotEquals(Assert.java:776)
	at org.testng.Assert.assertEqualsImpl(Assert.java:137)
	at org.testng.Assert.assertEquals(Assert.java:118)
	at org.testng.Assert.assertEquals(Assert.java:453)
	at org.testng.Assert.assertEquals(Assert.java:463)
	at com.bank.qa.pages.HomePageFeatures.verifyOName(HomePageFeatures.java:35)
	at com.bank.qa.test.HomePageFeaturesTest.checkOName(HomePageFeaturesTest.java:43)
</failure>
    <system-out>D:\FunctionalTesting\webtesting
D:\FunctionalTesting\webtesting
D:\FunctionalTesting\webtesting
</system-out>
    <system-err>Starting ChromeDriver 80.0.3987.16 (320f6526c1632ad4f205ebce69b99a062ed78647-refs/branch-heads/3987@{#185}) on port 32263
Only local connections are allowed.
Please protect ports used by ChromeDriver and related test frameworks to prevent access by malicious code.
[1584347063.609][WARNING]: Timed out connecting to Chrome, retrying...
Mar 16, 2020 1:54:26 PM org.openqa.selenium.remote.ProtocolHandshake createSession
INFO: Detected dialect: W3C
[1584347069.569][WARNING]: Timed out connecting to Chrome, retrying...
[1584347077.612][SEVERE]: Timed out receiving message from renderer: 0.100
[1584347078.274][SEVERE]: Timed out receiving message from renderer: 0.100
[1584347078.897][SEVERE]: Timed out receiving message from renderer: 0.100
[1584347083.102][SEVERE]: Timed out receiving message from renderer: 0.100
[1584347083.204][SEVERE]: Timed out receiving message from renderer: 0.100
[1584347083.371][SEVERE]: Timed out receiving message from renderer: 0.100
[1584347083.473][SEVERE]: Timed out receiving message from renderer: 0.100
[1584347083.576][SEVERE]: Timed out receiving message from renderer: 0.100
[1584347083.678][SEVERE]: Timed out receiving message from renderer: 0.100
[1584347083.779][SEVERE]: Timed out receiving message from renderer: 0.100
[1584347083.890][SEVERE]: Timed out receiving message from renderer: 0.100
[1584347083.996][SEVERE]: Timed out receiving message from renderer: 0.100
[1584347084.100][SEVERE]: Timed out receiving message from renderer: 0.100
[1584347084.443][SEVERE]: Timed out receiving message from renderer: 0.100
[1584347084.589][SEVERE]: Timed out receiving message from renderer: 0.100
[1584347084.739][SEVERE]: Timed out receiving message from renderer: 0.100
[1584347084.841][SEVERE]: Timed out receiving message from renderer: 0.100
[1584347084.945][SEVERE]: Timed out receiving message from renderer: 0.100
[1584347085.047][SEVERE]: Timed out receiving message from renderer: 0.100
[1584347085.150][SEVERE]: Timed out receiving message from renderer: 0.100
[1584347085.255][SEVERE]: Timed out receiving message from renderer: 0.100
[1584347085.356][SEVERE]: Timed out receiving message from renderer: 0.100
[1584347085.459][SEVERE]: Timed out receiving message from renderer: 0.100
[1584347085.560][SEVERE]: Timed out receiving message from renderer: 0.100
[1584347085.662][SEVERE]: Timed out receiving message from renderer: 0.100
[1584347085.764][SEVERE]: Timed out receiving message from renderer: 0.100
[1584347085.865][SEVERE]: Timed out receiving message from renderer: 0.100
[1584347085.966][SEVERE]: Timed out receiving message from renderer: 0.100
[1584347086.067][SEVERE]: Timed out receiving message from renderer: 0.100
[1584347086.169][SEVERE]: Timed out receiving message from renderer: 0.100
[1584347086.270][SEVERE]: Timed out receiving message from renderer: 0.100
[1584347086.373][SEVERE]: Timed out receiving message from renderer: 0.100
[1584347087.503][SEVERE]: Timed out receiving message from renderer: 0.100
[1584347087.700][SEVERE]: Timed out receiving message from renderer: 0.100
</system-err>
  </testcase>
</testsuite>